---
driver=<class 'textual.drivers.linux_driver.LinuxDriver'>
Mount() >>> GridTest(title='Grid Test')
Mount() >>> DockView(name='DockView#1')
Mount() >>> View(name='left')
Enter() >>> Hover(name='Hover#2')
Leave() >>> Hover(name='Hover#2')
Enter() >>> Hover(name='Hover#3')
Leave() >>> Hover(name='Hover#3')
Enter() >>> Hover(name='Hover#2')
Leave() >>> Hover(name='Hover#2')
Enter() >>> Hover(name='Hover#1')
Leave() >>> Hover(name='Hover#1')
Enter() >>> Hover(name='Hover#2')
Leave() >>> Hover(name='Hover#2')
Enter() >>> Hover(name='Hover#3')
Leave() >>> Hover(name='Hover#3')
view.forwarded Key(key='ctrl+c')
Key(key='ctrl+c') >>> GridTest(title='Grid Test')
ACTION GridTest(title='Grid Test') quit
CLOSED GridTest(title='Grid Test')
PROCESS END
